[ 2019-09-07T23:38:23+08:00 ] 192.168.254.104 /
INFO: [ app_init ] --START--
INFO: Run Behavior\BuildLiteBehavior [ RunTime:0.000035s ]
INFO: [ app_init ] --END-- [ RunTime:0.000294s ]
INFO: [ app_begin ] --START--
INFO: Run Behavior\ReadHtmlCacheBehavior [ RunTime:0.001622s ]
INFO: Run Common\Behavior\CheckLangBehavior [ RunTime:0.005918s ]
INFO: [ app_begin ] --END-- [ RunTime:0.007849s ]
SQL: SHOW COLUMNS FROM `ysk_config` [ RunTime:0.0040s ]
SQL: SELECT `value`,`tip` FROM `ysk_config` WHERE `name` = 'TOGGLE_WEB_SITE' LIMIT 1   [ RunTime:0.0014s ]
SQL: SHOW COLUMNS FROM `ysk_user` [ RunTime:0.0056s ]
SQL: SHOW COLUMNS FROM `ysk_user` [ RunTime:0.0033s ]

[ 2019-09-07T23:38:23+08:00 ] 192.168.254.104 /Login/login.html
INFO: [ app_init ] --START--
INFO: Run Behavior\BuildLiteBehavior [ RunTime:0.000029s ]
INFO: [ app_init ] --END-- [ RunTime:0.000208s ]
INFO: [ app_begin ] --START--
INFO: Run Behavior\ReadHtmlCacheBehavior [ RunTime:0.001383s ]
INFO: Run Common\Behavior\CheckLangBehavior [ RunTime:0.003627s ]
INFO: [ app_begin ] --END-- [ RunTime:0.005288s ]
SQL: SHOW COLUMNS FROM `ysk_config` [ RunTime:0.0027s ]
SQL: SELECT `value`,`tip` FROM `ysk_config` WHERE `name` = 'TOGGLE_WEB_SITE' LIMIT 1   [ RunTime:0.0011s ]
INFO: [ view_parse ] --START--
INFO: [ template_filter ] --START--
INFO: Run Behavior\ContentReplaceBehavior [ RunTime:0.000161s ]
INFO: [ template_filter ] --END-- [ RunTime:0.000316s ]
NOTIC: [8] Undefined variable: account /home/wwwroot/www.paofen.com/APP/Runtime/Cache/Home/6dbce1cb7c0dde839718c0b7332903b5.php 第 22 行.
INFO: Run Behavior\ParseTemplateBehavior [ RunTime:0.020895s ]
INFO: [ view_parse ] --END-- [ RunTime:0.021063s ]
INFO: [ view_filter ] --START--
INFO: Run Behavior\WriteHtmlCacheBehavior [ RunTime:0.001196s ]
INFO: [ view_filter ] --END-- [ RunTime:0.001326s ]
INFO: [ app_end ] --START--
INFO: Run Behavior\ShowPageTraceBehavior [ RunTime:0.001574s ]
INFO: [ app_end ] --END-- [ RunTime:0.001704s ]

[ 2019-09-07T23:38:23+08:00 ] 192.168.254.104 /favicon.ico
INFO: [ app_init ] --START--
INFO: Run Behavior\BuildLiteBehavior [ RunTime:0.000028s ]
INFO: [ app_init ] --END-- [ RunTime:0.000213s ]

[ 2019-09-07T23:38:49+08:00 ] 192.168.254.104 /Login/login.html
INFO: [ app_init ] --START--
INFO: Run Behavior\BuildLiteBehavior [ RunTime:0.000032s ]
INFO: [ app_init ] --END-- [ RunTime:0.000250s ]
INFO: [ app_begin ] --START--
INFO: Run Behavior\ReadHtmlCacheBehavior [ RunTime:0.001358s ]
INFO: Run Common\Behavior\CheckLangBehavior [ RunTime:0.003695s ]
INFO: [ app_begin ] --END-- [ RunTime:0.005370s ]
SQL: SHOW COLUMNS FROM `ysk_config` [ RunTime:0.0025s ]
SQL: SELECT `value`,`tip` FROM `ysk_config` WHERE `name` = 'TOGGLE_WEB_SITE' LIMIT 1   [ RunTime:0.0010s ]
INFO: [ view_parse ] --START--
INFO: [ template_filter ] --START--
INFO: Run Behavior\ContentReplaceBehavior [ RunTime:0.000227s ]
INFO: [ template_filter ] --END-- [ RunTime:0.000430s ]
NOTIC: [8] Undefined variable: account /home/wwwroot/www.paofen.com/APP/Runtime/Cache/Home/6dbce1cb7c0dde839718c0b7332903b5.php 第 22 行.
INFO: Run Behavior\ParseTemplateBehavior [ RunTime:0.016907s ]
INFO: [ view_parse ] --END-- [ RunTime:0.017050s ]
INFO: [ view_filter ] --START--
INFO: Run Behavior\WriteHtmlCacheBehavior [ RunTime:0.000953s ]
INFO: [ view_filter ] --END-- [ RunTime:0.001090s ]
INFO: [ app_end ] --START--
INFO: Run Behavior\ShowPageTraceBehavior [ RunTime:0.001837s ]
INFO: [ app_end ] --END-- [ RunTime:0.002009s ]

[ 2019-09-07T23:38:54+08:00 ] 192.168.254.104 /login/getpsw.html
INFO: [ app_init ] --START--
INFO: Run Behavior\BuildLiteBehavior [ RunTime:0.000087s ]
INFO: [ app_init ] --END-- [ RunTime:0.000377s ]
INFO: [ app_begin ] --START--
INFO: Run Behavior\ReadHtmlCacheBehavior [ RunTime:0.001578s ]
INFO: Run Common\Behavior\CheckLangBehavior [ RunTime:0.003587s ]
INFO: [ app_begin ] --END-- [ RunTime:0.005478s ]
INFO: [ view_parse ] --START--
INFO: [ template_filter ] --START--
INFO: Run Behavior\ContentReplaceBehavior [ RunTime:0.000193s ]
INFO: [ template_filter ] --END-- [ RunTime:0.000348s ]
INFO: Run Behavior\ParseTemplateBehavior [ RunTime:0.016975s ]
INFO: [ view_parse ] --END-- [ RunTime:0.017170s ]
INFO: [ view_filter ] --START--
INFO: Run Behavior\WriteHtmlCacheBehavior [ RunTime:0.000649s ]
INFO: [ view_filter ] --END-- [ RunTime:0.000739s ]
INFO: [ app_end ] --START--
INFO: Run Behavior\ShowPageTraceBehavior [ RunTime:0.001171s ]
INFO: [ app_end ] --END-- [ RunTime:0.001286s ]

[ 2019-09-07T23:39:00+08:00 ] 192.168.254.104 /Login/checkLogin.html
INFO: [ app_init ] --START--
INFO: Run Behavior\BuildLiteBehavior [ RunTime:0.000048s ]
INFO: [ app_init ] --END-- [ RunTime:0.000415s ]
INFO: [ app_begin ] --START--
INFO: Run Behavior\ReadHtmlCacheBehavior [ RunTime:0.001557s ]
INFO: Run Common\Behavior\CheckLangBehavior [ RunTime:0.004513s ]
INFO: [ app_begin ] --END-- [ RunTime:0.006428s ]
SQL: SHOW COLUMNS FROM `ysk_user` [ RunTime:0.0036s ]
SQL: SELECT * FROM `ysk_user` WHERE ( `mobile` = '13888888888' OR `account` = '13888888888' OR `userid` = '13888888888' ) LIMIT 1   [ RunTime:0.0042s ]

[ 2019-09-07T23:39:16+08:00 ] 192.168.254.104 /Login/checkLogin.html
INFO: [ app_init ] --START--
INFO: Run Behavior\BuildLiteBehavior [ RunTime:0.000028s ]
INFO: [ app_init ] --END-- [ RunTime:0.000196s ]
INFO: [ app_begin ] --START--
INFO: Run Behavior\ReadHtmlCacheBehavior [ RunTime:0.001622s ]
INFO: Run Common\Behavior\CheckLangBehavior [ RunTime:0.004665s ]
INFO: [ app_begin ] --END-- [ RunTime:0.006630s ]
SQL: SHOW COLUMNS FROM `ysk_user` [ RunTime:0.0032s ]
SQL: SELECT * FROM `ysk_user` WHERE ( `mobile` = '13888888888' OR `account` = '13888888888' OR `userid` = '13888888888' ) LIMIT 1   [ RunTime:0.0021s ]

[ 2019-09-07T23:39:17+08:00 ] 192.168.254.104 /Login/checkLogin.html
INFO: [ app_init ] --START--
INFO: Run Behavior\BuildLiteBehavior [ RunTime:0.000031s ]
INFO: [ app_init ] --END-- [ RunTime:0.000233s ]
INFO: [ app_begin ] --START--
INFO: Run Behavior\ReadHtmlCacheBehavior [ RunTime:0.001580s ]
INFO: Run Common\Behavior\CheckLangBehavior [ RunTime:0.004461s ]
INFO: [ app_begin ] --END-- [ RunTime:0.006329s ]
SQL: SHOW COLUMNS FROM `ysk_user` [ RunTime:0.0036s ]
SQL: SELECT * FROM `ysk_user` WHERE ( `mobile` = '13888888888' OR `account` = '13888888888' OR `userid` = '13888888888' ) LIMIT 1   [ RunTime:0.0017s ]

[ 2019-09-07T23:39:29+08:00 ] 192.168.254.104 /Login/checkLogin.html
INFO: [ app_init ] --START--
INFO: Run Behavior\BuildLiteBehavior [ RunTime:0.000029s ]
INFO: [ app_init ] --END-- [ RunTime:0.000210s ]
INFO: [ app_begin ] --START--
INFO: Run Behavior\ReadHtmlCacheBehavior [ RunTime:0.001641s ]
INFO: Run Common\Behavior\CheckLangBehavior [ RunTime:0.003819s ]
INFO: [ app_begin ] --END-- [ RunTime:0.005808s ]
SQL: SHOW COLUMNS FROM `ysk_user` [ RunTime:0.0033s ]
SQL: SELECT * FROM `ysk_user` WHERE ( `mobile` = '13888888888' OR `account` = '13888888888' OR `userid` = '13888888888' ) LIMIT 1   [ RunTime:0.0026s ]

[ 2019-09-07T23:40:13+08:00 ] 192.168.254.101 /
INFO: [ app_init ] --START--
INFO: Run Behavior\BuildLiteBehavior [ RunTime:0.000028s ]
INFO: [ app_init ] --END-- [ RunTime:0.000195s ]
INFO: [ app_begin ] --START--
INFO: Run Behavior\ReadHtmlCacheBehavior [ RunTime:0.001207s ]
INFO: Run Common\Behavior\CheckLangBehavior [ RunTime:0.003494s ]
INFO: [ app_begin ] --END-- [ RunTime:0.004940s ]
SQL: SHOW COLUMNS FROM `ysk_config` [ RunTime:0.0025s ]
SQL: SELECT `value`,`tip` FROM `ysk_config` WHERE `name` = 'TOGGLE_WEB_SITE' LIMIT 1   [ RunTime:0.0008s ]
SQL: SHOW COLUMNS FROM `ysk_user` [ RunTime:0.0036s ]
SQL: SHOW COLUMNS FROM `ysk_user` [ RunTime:0.0033s ]

[ 2019-09-07T23:40:13+08:00 ] 192.168.254.101 /Login/login.html
INFO: [ app_init ] --START--
INFO: Run Behavior\BuildLiteBehavior [ RunTime:0.000028s ]
INFO: [ app_init ] --END-- [ RunTime:0.000196s ]
INFO: [ app_begin ] --START--
INFO: Run Behavior\ReadHtmlCacheBehavior [ RunTime:0.001300s ]
INFO: Run Common\Behavior\CheckLangBehavior [ RunTime:0.002828s ]
INFO: [ app_begin ] --END-- [ RunTime:0.004378s ]
SQL: SHOW COLUMNS FROM `ysk_config` [ RunTime:0.0022s ]
SQL: SELECT `value`,`tip` FROM `ysk_config` WHERE `name` = 'TOGGLE_WEB_SITE' LIMIT 1   [ RunTime:0.0008s ]
INFO: [ view_parse ] --START--
INFO: [ template_filter ] --START--
INFO: Run Behavior\ContentReplaceBehavior [ RunTime:0.000153s ]
INFO: [ template_filter ] --END-- [ RunTime:0.000289s ]
NOTIC: [8] Undefined variable: account /home/wwwroot/www.paofen.com/APP/Runtime/Cache/Home/6dbce1cb7c0dde839718c0b7332903b5.php 第 22 行.
INFO: Run Behavior\ParseTemplateBehavior [ RunTime:0.019757s ]
INFO: [ view_parse ] --END-- [ RunTime:0.019919s ]
INFO: [ view_filter ] --START--
INFO: Run Behavior\WriteHtmlCacheBehavior [ RunTime:0.000614s ]
INFO: [ view_filter ] --END-- [ RunTime:0.000702s ]
INFO: [ app_end ] --START--
INFO: Run Behavior\ShowPageTraceBehavior [ RunTime:0.001222s ]
INFO: [ app_end ] --END-- [ RunTime:0.001330s ]

[ 2019-09-07T23:40:13+08:00 ] 192.168.254.101 /favicon.ico
INFO: [ app_init ] --START--
INFO: Run Behavior\BuildLiteBehavior [ RunTime:0.000029s ]
INFO: [ app_init ] --END-- [ RunTime:0.000206s ]

[ 2019-09-07T23:40:23+08:00 ] 192.168.254.101 /Login/checkLogin.html
INFO: [ app_init ] --START--
INFO: Run Behavior\BuildLiteBehavior [ RunTime:0.000029s ]
INFO: [ app_init ] --END-- [ RunTime:0.000195s ]
INFO: [ app_begin ] --START--
INFO: Run Behavior\ReadHtmlCacheBehavior [ RunTime:0.001210s ]
INFO: Run Common\Behavior\CheckLangBehavior [ RunTime:0.002802s ]
INFO: [ app_begin ] --END-- [ RunTime:0.004234s ]
SQL: SHOW COLUMNS FROM `ysk_user` [ RunTime:0.0028s ]
SQL: SELECT * FROM `ysk_user` WHERE ( `mobile` = '13888888888' OR `account` = '13888888888' OR `userid` = '13888888888' ) LIMIT 1   [ RunTime:0.0016s ]
SQL: UPDATE `ysk_user` SET `session_id`='71h3j3b8s7vflbc2t662amp3h1' WHERE ( `mobile` = '13888888888' OR `account` = '13888888888' OR `userid` = '13888888888' ) [ RunTime:0.0017s ]
SQL: SELECT * FROM `ysk_user` WHERE ( `mobile` = '13888888888' OR `account` = '13888888888' OR `userid` = '13888888888' ) LIMIT 1   [ RunTime:0.0017s ]
SQL: UPDATE `ysk_user` SET `session_id`='71h3j3b8s7vflbc2t662amp3h1' WHERE ( `mobile` = '13888888888' OR `account` = '13888888888' OR `userid` = '13888888888' ) [ RunTime:0.0011s ]

[ 2019-09-07T23:40:23+08:00 ] 192.168.254.101 /User/index.html
INFO: [ app_init ] --START--
INFO: Run Behavior\BuildLiteBehavior [ RunTime:0.000027s ]
INFO: [ app_init ] --END-- [ RunTime:0.000200s ]
INFO: [ app_begin ] --START--
INFO: Run Behavior\ReadHtmlCacheBehavior [ RunTime:0.001238s ]
INFO: Run Common\Behavior\CheckLangBehavior [ RunTime:0.002787s ]
INFO: [ app_begin ] --END-- [ RunTime:0.004257s ]
SQL: SHOW COLUMNS FROM `ysk_config` [ RunTime:0.0021s ]
SQL: SELECT `value`,`tip` FROM `ysk_config` WHERE `name` = 'TOGGLE_WEB_SITE' LIMIT 1   [ RunTime:0.0008s ]
SQL: SHOW COLUMNS FROM `ysk_user` [ RunTime:0.0029s ]
SQL: SHOW COLUMNS FROM `ysk_user` [ RunTime:0.0034s ]
SQL: SELECT `status`,`session_id` FROM `ysk_user` WHERE `userid` = 1 LIMIT 1   [ RunTime:0.0009s ]
SQL: SELECT * FROM `ysk_user` WHERE `userid` = 1 LIMIT 1   [ RunTime:0.0012s ]
INFO: [ view_parse ] --START--
INFO: [ template_filter ] --START--
INFO: Run Behavior\ContentReplaceBehavior [ RunTime:0.000160s ]
INFO: [ template_filter ] --END-- [ RunTime:0.000282s ]
INFO: Run Behavior\ParseTemplateBehavior [ RunTime:0.017540s ]
INFO: [ view_parse ] --END-- [ RunTime:0.017673s ]
INFO: [ view_filter ] --START--
INFO: Run Behavior\WriteHtmlCacheBehavior [ RunTime:0.000618s ]
INFO: [ view_filter ] --END-- [ RunTime:0.000701s ]
INFO: [ app_end ] --START--
INFO: Run Behavior\ShowPageTraceBehavior [ RunTime:0.001181s ]
INFO: [ app_end ] --END-- [ RunTime:0.001289s ]

[ 2019-09-07T23:40:26+08:00 ] 192.168.254.101 /Index/index.html
INFO: [ app_init ] --START--
INFO: Run Behavior\BuildLiteBehavior [ RunTime:0.000028s ]
INFO: [ app_init ] --END-- [ RunTime:0.000207s ]
INFO: [ app_begin ] --START--
INFO: Run Behavior\ReadHtmlCacheBehavior [ RunTime:0.001283s ]
INFO: Run Common\Behavior\CheckLangBehavior [ RunTime:0.002804s ]
INFO: [ app_begin ] --END-- [ RunTime:0.004330s ]
SQL: SHOW COLUMNS FROM `ysk_config` [ RunTime:0.0049s ]
SQL: SELECT `value`,`tip` FROM `ysk_config` WHERE `name` = 'TOGGLE_WEB_SITE' LIMIT 1   [ RunTime:0.0016s ]
SQL: SHOW COLUMNS FROM `ysk_user` [ RunTime:0.0044s ]
SQL: SHOW COLUMNS FROM `ysk_user` [ RunTime:0.0039s ]
SQL: SELECT `status`,`session_id` FROM `ysk_user` WHERE `userid` = 1 LIMIT 1   [ RunTime:0.0013s ]
SQL: SELECT * FROM `ysk_user` ORDER BY zsy desc LIMIT 10   [ RunTime:0.0022s ]
INFO: [ view_parse ] --START--
INFO: [ template_filter ] --START--
INFO: Run Behavior\ContentReplaceBehavior [ RunTime:0.000133s ]
INFO: [ template_filter ] --END-- [ RunTime:0.000275s ]
INFO: Run Behavior\ParseTemplateBehavior [ RunTime:0.015604s ]
INFO: [ view_parse ] --END-- [ RunTime:0.015742s ]
INFO: [ view_filter ] --START--
INFO: Run Behavior\WriteHtmlCacheBehavior [ RunTime:0.000603s ]
INFO: [ view_filter ] --END-- [ RunTime:0.000702s ]
INFO: [ app_end ] --START--
INFO: Run Behavior\ShowPageTraceBehavior [ RunTime:0.001234s ]
INFO: [ app_end ] --END-- [ RunTime:0.001344s ]

[ 2019-09-07T23:40:26+08:00 ] 192.168.254.101 /favicon.ico
INFO: [ app_init ] --START--
INFO: Run Behavior\BuildLiteBehavior [ RunTime:0.000027s ]
INFO: [ app_init ] --END-- [ RunTime:0.000197s ]

[ 2019-09-07T23:40:26+08:00 ] 192.168.254.101 /favicon.ico
INFO: [ app_init ] --START--
INFO: Run Behavior\BuildLiteBehavior [ RunTime:0.000061s ]
INFO: [ app_init ] --END-- [ RunTime:0.000178s ]

[ 2019-09-07T23:40:33+08:00 ] 192.168.254.101 /Index/qdgame.html
INFO: [ app_init ] --START--
INFO: Run Behavior\BuildLiteBehavior [ RunTime:0.000029s ]
INFO: [ app_init ] --END-- [ RunTime:0.000145s ]
INFO: [ app_begin ] --START--
INFO: Run Behavior\ReadHtmlCacheBehavior [ RunTime:0.001203s ]
INFO: Run Common\Behavior\CheckLangBehavior [ RunTime:0.002761s ]
INFO: [ app_begin ] --END-- [ RunTime:0.004214s ]
SQL: SHOW COLUMNS FROM `ysk_config` [ RunTime:0.0029s ]
SQL: SELECT `value`,`tip` FROM `ysk_config` WHERE `name` = 'TOGGLE_WEB_SITE' LIMIT 1   [ RunTime:0.0008s ]
SQL: SHOW COLUMNS FROM `ysk_user` [ RunTime:0.0036s ]
SQL: SHOW COLUMNS FROM `ysk_user` [ RunTime:0.0037s ]
SQL: SELECT `status`,`session_id` FROM `ysk_user` WHERE `userid` = 1 LIMIT 1   [ RunTime:0.0009s ]
SQL: SELECT * FROM `ysk_user` WHERE `userid` = 1 LIMIT 1   [ RunTime:0.0012s ]
SQL: SHOW COLUMNS FROM `ysk_system` [ RunTime:0.0035s ]
SQL: SELECT * FROM `ysk_system` WHERE `id` = 1 LIMIT 1   [ RunTime:0.0012s ]
INFO: [ view_parse ] --START--
INFO: [ template_filter ] --START--
INFO: Run Behavior\ContentReplaceBehavior [ RunTime:0.000191s ]
INFO: [ template_filter ] --END-- [ RunTime:0.000317s ]
INFO: Run Behavior\ParseTemplateBehavior [ RunTime:0.021527s ]
INFO: [ view_parse ] --END-- [ RunTime:0.021679s ]
INFO: [ view_filter ] --START--
INFO: Run Behavior\WriteHtmlCacheBehavior [ RunTime:0.000595s ]
INFO: [ view_filter ] --END-- [ RunTime:0.000678s ]
INFO: [ app_end ] --START--
INFO: Run Behavior\ShowPageTraceBehavior [ RunTime:0.001217s ]
INFO: [ app_end ] --END-- [ RunTime:0.001331s ]

[ 2019-09-07T23:40:33+08:00 ] 192.168.254.101 /favicon.ico
INFO: [ app_init ] --START--
INFO: Run Behavior\BuildLiteBehavior [ RunTime:0.000030s ]
INFO: [ app_init ] --END-- [ RunTime:0.000205s ]

[ 2019-09-07T23:40:35+08:00 ] 192.168.254.101 /Index/shoudan.html
INFO: [ app_init ] --START--
INFO: Run Behavior\BuildLiteBehavior [ RunTime:0.000029s ]
INFO: [ app_init ] --END-- [ RunTime:0.000148s ]
INFO: [ app_begin ] --START--
INFO: Run Behavior\ReadHtmlCacheBehavior [ RunTime:0.001215s ]
INFO: Run Common\Behavior\CheckLangBehavior [ RunTime:0.002778s ]
INFO: [ app_begin ] --END-- [ RunTime:0.004239s ]
SQL: SHOW COLUMNS FROM `ysk_config` [ RunTime:0.0021s ]
SQL: SELECT `value`,`tip` FROM `ysk_config` WHERE `name` = 'TOGGLE_WEB_SITE' LIMIT 1   [ RunTime:0.0008s ]
SQL: SHOW COLUMNS FROM `ysk_user` [ RunTime:0.0029s ]
SQL: SHOW COLUMNS FROM `ysk_user` [ RunTime:0.0036s ]
SQL: SELECT `status`,`session_id` FROM `ysk_user` WHERE `userid` = 1 LIMIT 1   [ RunTime:0.0008s ]
SQL: SHOW COLUMNS FROM `ysk_userrob` [ RunTime:0.0046s ]
SQL: SELECT * FROM `ysk_userrob` WHERE `uid` = 1 AND `status` = 2  [ RunTime:0.0012s ]
SQL: SELECT * FROM `ysk_userrob` WHERE `uid` = 1 AND `status` = 3  [ RunTime:0.0010s ]
SQL: SELECT * FROM `ysk_userrob` WHERE `uid` = 1 AND `status` = 4  [ RunTime:0.0008s ]
INFO: [ view_parse ] --START--
INFO: [ template_filter ] --START--
INFO: Run Behavior\ContentReplaceBehavior [ RunTime:0.000155s ]
INFO: [ template_filter ] --END-- [ RunTime:0.000271s ]
INFO: Run Behavior\ParseTemplateBehavior [ RunTime:0.025130s ]
INFO: [ view_parse ] --END-- [ RunTime:0.025293s ]
INFO: [ view_filter ] --START--
INFO: Run Behavior\WriteHtmlCacheBehavior [ RunTime:0.000607s ]
INFO: [ view_filter ] --END-- [ RunTime:0.000691s ]
INFO: [ app_end ] --START--
INFO: Run Behavior\ShowPageTraceBehavior [ RunTime:0.001254s ]
INFO: [ app_end ] --END-- [ RunTime:0.001375s ]

[ 2019-09-07T23:40:36+08:00 ] 192.168.254.101 /favicon.ico
INFO: [ app_init ] --START--
INFO: Run Behavior\BuildLiteBehavior [ RunTime:0.000027s ]
INFO: [ app_init ] --END-- [ RunTime:0.000144s ]

[ 2019-09-07T23:40:39+08:00 ] 192.168.254.101 /User/index.html
INFO: [ app_init ] --START--
INFO: Run Behavior\BuildLiteBehavior [ RunTime:0.000027s ]
INFO: [ app_init ] --END-- [ RunTime:0.000159s ]
INFO: [ app_begin ] --START--
INFO: Run Behavior\ReadHtmlCacheBehavior [ RunTime:0.001202s ]
INFO: Run Common\Behavior\CheckLangBehavior [ RunTime:0.002694s ]
INFO: [ app_begin ] --END-- [ RunTime:0.004133s ]
SQL: SHOW COLUMNS FROM `ysk_config` [ RunTime:0.0022s ]
SQL: SELECT `value`,`tip` FROM `ysk_config` WHERE `name` = 'TOGGLE_WEB_SITE' LIMIT 1   [ RunTime:0.0008s ]
SQL: SHOW COLUMNS FROM `ysk_user` [ RunTime:0.0030s ]
SQL: SHOW COLUMNS FROM `ysk_user` [ RunTime:0.0033s ]
SQL: SELECT `status`,`session_id` FROM `ysk_user` WHERE `userid` = 1 LIMIT 1   [ RunTime:0.0009s ]
SQL: SELECT * FROM `ysk_user` WHERE `userid` = 1 LIMIT 1   [ RunTime:0.0011s ]
INFO: [ view_parse ] --START--
INFO: [ template_filter ] --START--
INFO: Run Behavior\ContentReplaceBehavior [ RunTime:0.000177s ]
INFO: [ template_filter ] --END-- [ RunTime:0.000313s ]
INFO: Run Behavior\ParseTemplateBehavior [ RunTime:0.018653s ]
INFO: [ view_parse ] --END-- [ RunTime:0.018784s ]
INFO: [ view_filter ] --START--
INFO: Run Behavior\WriteHtmlCacheBehavior [ RunTime:0.000649s ]
INFO: [ view_filter ] --END-- [ RunTime:0.000734s ]
INFO: [ app_end ] --START--
INFO: Run Behavior\ShowPageTraceBehavior [ RunTime:0.001178s ]
INFO: [ app_end ] --END-- [ RunTime:0.001287s ]

[ 2019-09-07T23:40:41+08:00 ] 192.168.254.101 /User/erweima.html
INFO: [ app_init ] --START--
INFO: Run Behavior\BuildLiteBehavior [ RunTime:0.000027s ]
INFO: [ app_init ] --END-- [ RunTime:0.000144s ]
INFO: [ app_begin ] --START--
INFO: Run Behavior\ReadHtmlCacheBehavior [ RunTime:0.001259s ]
INFO: Run Common\Behavior\CheckLangBehavior [ RunTime:0.002660s ]
INFO: [ app_begin ] --END-- [ RunTime:0.004159s ]
SQL: SHOW COLUMNS FROM `ysk_config` [ RunTime:0.0052s ]
SQL: SELECT `value`,`tip` FROM `ysk_config` WHERE `name` = 'TOGGLE_WEB_SITE' LIMIT 1   [ RunTime:0.0014s ]
SQL: SHOW COLUMNS FROM `ysk_user` [ RunTime:0.0043s ]
SQL: SHOW COLUMNS FROM `ysk_user` [ RunTime:0.0042s ]
SQL: SELECT `status`,`session_id` FROM `ysk_user` WHERE `userid` = 1 LIMIT 1   [ RunTime:0.0014s ]
INFO: [ view_parse ] --START--
INFO: [ template_filter ] --START--
INFO: Run Behavior\ContentReplaceBehavior [ RunTime:0.000107s ]
INFO: [ template_filter ] --END-- [ RunTime:0.000240s ]
INFO: Run Behavior\ParseTemplateBehavior [ RunTime:0.016204s ]
INFO: [ view_parse ] --END-- [ RunTime:0.016379s ]
INFO: [ view_filter ] --START--
INFO: Run Behavior\WriteHtmlCacheBehavior [ RunTime:0.000611s ]
INFO: [ view_filter ] --END-- [ RunTime:0.000693s ]
INFO: [ app_end ] --START--
INFO: Run Behavior\ShowPageTraceBehavior [ RunTime:0.001216s ]
INFO: [ app_end ] --END-- [ RunTime:0.001328s ]

[ 2019-09-07T23:40:41+08:00 ] 192.168.254.101 /favicon.ico
INFO: [ app_init ] --START--
INFO: Run Behavior\BuildLiteBehavior [ RunTime:0.000027s ]
INFO: [ app_init ] --END-- [ RunTime:0.000142s ]

[ 2019-09-07T23:40:41+08:00 ] 192.168.254.101 /favicon.ico
INFO: [ app_init ] --START--
INFO: Run Behavior\BuildLiteBehavior [ RunTime:0.000027s ]
INFO: [ app_init ] --END-- [ RunTime:0.000142s ]

[ 2019-09-07T23:40:45+08:00 ] 192.168.254.101 /User/zichan.html
INFO: [ app_init ] --START--
INFO: Run Behavior\BuildLiteBehavior [ RunTime:0.000028s ]
INFO: [ app_init ] --END-- [ RunTime:0.000145s ]
INFO: [ app_begin ] --START--
INFO: Run Behavior\ReadHtmlCacheBehavior [ RunTime:0.001171s ]
INFO: Run Common\Behavior\CheckLangBehavior [ RunTime:0.002732s ]
INFO: [ app_begin ] --END-- [ RunTime:0.004143s ]
SQL: SHOW COLUMNS FROM `ysk_config` [ RunTime:0.0022s ]
SQL: SELECT `value`,`tip` FROM `ysk_config` WHERE `name` = 'TOGGLE_WEB_SITE' LIMIT 1   [ RunTime:0.0008s ]
SQL: SHOW COLUMNS FROM `ysk_user` [ RunTime:0.0029s ]
SQL: SHOW COLUMNS FROM `ysk_user` [ RunTime:0.0036s ]
SQL: SELECT `status`,`session_id` FROM `ysk_user` WHERE `userid` = 1 LIMIT 1   [ RunTime:0.0008s ]
SQL: SELECT * FROM `ysk_user` WHERE `userid` = 1 LIMIT 1   [ RunTime:0.0011s ]
SQL: SHOW COLUMNS FROM `ysk_system` [ RunTime:0.0030s ]
SQL: SELECT * FROM `ysk_system` WHERE `id` = 1 LIMIT 1   [ RunTime:0.0010s ]
SQL: SHOW COLUMNS FROM `ysk_somebill` [ RunTime:0.0037s ]
SQL: SELECT SUM(num) AS tp_sum FROM `ysk_somebill` WHERE `uid` = 1 AND `jl_class` = 1 LIMIT 1   [ RunTime:0.0028s ]
SQL: SHOW COLUMNS FROM `ysk_userrob` [ RunTime:0.0021s ]
SQL: SELECT SUM(price) AS tp_sum FROM `ysk_userrob` WHERE `uid` = 1 AND `status` = 3 LIMIT 1   [ RunTime:0.0009s ]
SQL: SELECT SUM(price) AS tp_sum FROM `ysk_userrob` WHERE `uid` = 1 AND `status` = 1 LIMIT 1   [ RunTime:0.0007s ]
INFO: [ view_parse ] --START--
INFO: [ template_filter ] --START--
INFO: Run Behavior\ContentReplaceBehavior [ RunTime:0.000117s ]
INFO: [ template_filter ] --END-- [ RunTime:0.000237s ]
INFO: Run Behavior\ParseTemplateBehavior [ RunTime:0.017662s ]
INFO: [ view_parse ] --END-- [ RunTime:0.017844s ]
INFO: [ view_filter ] --START--
INFO: Run Behavior\WriteHtmlCacheBehavior [ RunTime:0.000608s ]
INFO: [ view_filter ] --END-- [ RunTime:0.000694s ]
INFO: [ app_end ] --START--
INFO: Run Behavior\ShowPageTraceBehavior [ RunTime:0.001181s ]
INFO: [ app_end ] --END-- [ RunTime:0.001292s ]

[ 2019-09-07T23:40:46+08:00 ] 192.168.254.101 /favicon.ico
INFO: [ app_init ] --START--
INFO: Run Behavior\BuildLiteBehavior [ RunTime:0.000029s ]
INFO: [ app_init ] --END-- [ RunTime:0.000146s ]

[ 2019-09-07T23:40:50+08:00 ] 192.168.254.101 /User/ziliao.html
INFO: [ app_init ] --START--
INFO: Run Behavior\BuildLiteBehavior [ RunTime:0.000029s ]
INFO: [ app_init ] --END-- [ RunTime:0.000145s ]
INFO: [ app_begin ] --START--
INFO: Run Behavior\ReadHtmlCacheBehavior [ RunTime:0.001173s ]
INFO: Run Common\Behavior\CheckLangBehavior [ RunTime:0.002819s ]
INFO: [ app_begin ] --END-- [ RunTime:0.004237s ]
SQL: SHOW COLUMNS FROM `ysk_config` [ RunTime:0.0022s ]
SQL: SELECT `value`,`tip` FROM `ysk_config` WHERE `name` = 'TOGGLE_WEB_SITE' LIMIT 1   [ RunTime:0.0008s ]
SQL: SHOW COLUMNS FROM `ysk_user` [ RunTime:0.0027s ]
SQL: SHOW COLUMNS FROM `ysk_user` [ RunTime:0.0034s ]
SQL: SELECT `status`,`session_id` FROM `ysk_user` WHERE `userid` = 1 LIMIT 1   [ RunTime:0.0009s ]
INFO: [ view_parse ] --START--
INFO: [ template_filter ] --START--
INFO: Run Behavior\ContentReplaceBehavior [ RunTime:0.000134s ]
INFO: [ template_filter ] --END-- [ RunTime:0.000263s ]
INFO: Run Behavior\ParseTemplateBehavior [ RunTime:0.015276s ]
INFO: [ view_parse ] --END-- [ RunTime:0.015403s ]
INFO: [ view_filter ] --START--
INFO: Run Behavior\WriteHtmlCacheBehavior [ RunTime:0.000605s ]
INFO: [ view_filter ] --END-- [ RunTime:0.000686s ]
INFO: [ app_end ] --START--
INFO: Run Behavior\ShowPageTraceBehavior [ RunTime:0.001360s ]
INFO: [ app_end ] --END-- [ RunTime:0.001487s ]

[ 2019-09-07T23:40:50+08:00 ] 192.168.254.101 /favicon.ico
INFO: [ app_init ] --START--
INFO: Run Behavior\BuildLiteBehavior [ RunTime:0.000028s ]
INFO: [ app_init ] --END-- [ RunTime:0.000140s ]

[ 2019-09-07T23:40:51+08:00 ] 192.168.254.101 /User/yinhangka.html
INFO: [ app_init ] --START--
INFO: Run Behavior\BuildLiteBehavior [ RunTime:0.000029s ]
INFO: [ app_init ] --END-- [ RunTime:0.000148s ]
INFO: [ app_begin ] --START--
INFO: Run Behavior\ReadHtmlCacheBehavior [ RunTime:0.001213s ]
INFO: Run Common\Behavior\CheckLangBehavior [ RunTime:0.002800s ]
INFO: [ app_begin ] --END-- [ RunTime:0.004257s ]
SQL: SHOW COLUMNS FROM `ysk_config` [ RunTime:0.0023s ]
SQL: SELECT `value`,`tip` FROM `ysk_config` WHERE `name` = 'TOGGLE_WEB_SITE' LIMIT 1   [ RunTime:0.0007s ]
SQL: SHOW COLUMNS FROM `ysk_user` [ RunTime:0.0030s ]
SQL: SHOW COLUMNS FROM `ysk_user` [ RunTime:0.0034s ]
SQL: SELECT `status`,`session_id` FROM `ysk_user` WHERE `userid` = 1 LIMIT 1   [ RunTime:0.0008s ]
SQL: SHOW COLUMNS FROM `ysk_bankcard` [ RunTime:0.0039s ]
SQL: SELECT * FROM `ysk_bankcard` WHERE `uid` = 1 ORDER BY id desc  [ RunTime:0.0016s ]
INFO: [ view_parse ] --START--
INFO: [ template_filter ] --START--
INFO: Run Behavior\ContentReplaceBehavior [ RunTime:0.000130s ]
INFO: [ template_filter ] --END-- [ RunTime:0.000264s ]
INFO: Run Behavior\ParseTemplateBehavior [ RunTime:0.020078s ]
INFO: [ view_parse ] --END-- [ RunTime:0.020245s ]
INFO: [ view_filter ] --START--
INFO: Run Behavior\WriteHtmlCacheBehavior [ RunTime:0.000588s ]
INFO: [ view_filter ] --END-- [ RunTime:0.000671s ]
INFO: [ app_end ] --START--
INFO: Run Behavior\ShowPageTraceBehavior [ RunTime:0.001228s ]
INFO: [ app_end ] --END-- [ RunTime:0.001339s ]

[ 2019-09-07T23:40:52+08:00 ] 192.168.254.101 /favicon.ico
INFO: [ app_init ] --START--
INFO: Run Behavior\BuildLiteBehavior [ RunTime:0.000027s ]
INFO: [ app_init ] --END-- [ RunTime:0.000144s ]

[ 2019-09-07T23:40:55+08:00 ] 192.168.254.101 /Recharge/chongzhijilu.html
INFO: [ app_init ] --START--
INFO: Run Behavior\BuildLiteBehavior [ RunTime:0.000028s ]
INFO: [ app_init ] --END-- [ RunTime:0.000153s ]
INFO: [ app_begin ] --START--
INFO: Run Behavior\ReadHtmlCacheBehavior [ RunTime:0.001168s ]
INFO: Run Common\Behavior\CheckLangBehavior [ RunTime:0.002655s ]
INFO: [ app_begin ] --END-- [ RunTime:0.004061s ]
SQL: SHOW COLUMNS FROM `ysk_config` [ RunTime:0.0022s ]
SQL: SELECT `value`,`tip` FROM `ysk_config` WHERE `name` = 'TOGGLE_WEB_SITE' LIMIT 1   [ RunTime:0.0008s ]
SQL: SHOW COLUMNS FROM `ysk_user` [ RunTime:0.0032s ]
SQL: SHOW COLUMNS FROM `ysk_user` [ RunTime:0.0034s ]
SQL: SELECT `status`,`session_id` FROM `ysk_user` WHERE `userid` = 1 LIMIT 1   [ RunTime:0.0008s ]
SQL: SHOW COLUMNS FROM `ysk_recharge` [ RunTime:0.0037s ]
SQL: SELECT * FROM `ysk_recharge` WHERE `uid` = 1 AND `status` = 1 ORDER BY id desc  [ RunTime:0.0017s ]
INFO: [ view_parse ] --START--
INFO: [ template_filter ] --START--
INFO: Run Behavior\ContentReplaceBehavior [ RunTime:0.000114s ]
INFO: [ template_filter ] --END-- [ RunTime:0.000269s ]
INFO: Run Behavior\ParseTemplateBehavior [ RunTime:0.015409s ]
INFO: [ view_parse ] --END-- [ RunTime:0.015585s ]
INFO: [ view_filter ] --START--
INFO: Run Behavior\WriteHtmlCacheBehavior [ RunTime:0.000611s ]
INFO: [ view_filter ] --END-- [ RunTime:0.000698s ]
INFO: [ app_end ] --START--
INFO: Run Behavior\ShowPageTraceBehavior [ RunTime:0.001141s ]
INFO: [ app_end ] --END-- [ RunTime:0.001252s ]

[ 2019-09-07T23:40:55+08:00 ] 192.168.254.101 /favicon.ico
INFO: [ app_init ] --START--
INFO: Run Behavior\BuildLiteBehavior [ RunTime:0.000029s ]
INFO: [ app_init ] --END-- [ RunTime:0.000145s ]

[ 2019-09-07T23:40:58+08:00 ] 192.168.254.101 /User/bill.html
INFO: [ app_init ] --START--
INFO: Run Behavior\BuildLiteBehavior [ RunTime:0.000027s ]
INFO: [ app_init ] --END-- [ RunTime:0.000142s ]
INFO: [ app_begin ] --START--
INFO: Run Behavior\ReadHtmlCacheBehavior [ RunTime:0.001322s ]
INFO: Run Common\Behavior\CheckLangBehavior [ RunTime:0.002698s ]
INFO: [ app_begin ] --END-- [ RunTime:0.004268s ]
SQL: SHOW COLUMNS FROM `ysk_config` [ RunTime:0.0064s ]
SQL: SELECT `value`,`tip` FROM `ysk_config` WHERE `name` = 'TOGGLE_WEB_SITE' LIMIT 1   [ RunTime:0.0011s ]
SQL: SHOW COLUMNS FROM `ysk_user` [ RunTime:0.0034s ]
SQL: SHOW COLUMNS FROM `ysk_user` [ RunTime:0.0028s ]
SQL: SELECT `status`,`session_id` FROM `ysk_user` WHERE `userid` = 1 LIMIT 1   [ RunTime:0.0014s ]
SQL: SHOW COLUMNS FROM `ysk_somebill` [ RunTime:0.0028s ]
SQL: SELECT COUNT(*) AS tp_count FROM `ysk_somebill` LIMIT 1   [ RunTime:0.0011s ]
NOTIC: [8] Undefined variable: p /home/wwwroot/www.paofen.com/APP/Home/Controller/UserController.class.php 第 32 行.
NOTIC: [8] Trying to get property of non-object /home/wwwroot/www.paofen.com/APP/Home/Controller/UserController.class.php 第 32 行.
NOTIC: [8] Undefined variable: p /home/wwwroot/www.paofen.com/APP/Home/Controller/UserController.class.php 第 32 行.
NOTIC: [8] Trying to get property of non-object /home/wwwroot/www.paofen.com/APP/Home/Controller/UserController.class.php 第 32 行.
SQL: SELECT * FROM `ysk_somebill` WHERE `uid` = 1 ORDER BY id desc  [ RunTime:0.0020s ]
INFO: [ view_parse ] --START--
INFO: [ template_filter ] --START--
INFO: Run Behavior\ContentReplaceBehavior [ RunTime:0.000114s ]
INFO: [ template_filter ] --END-- [ RunTime:0.000246s ]
INFO: Run Behavior\ParseTemplateBehavior [ RunTime:0.020667s ]
INFO: [ view_parse ] --END-- [ RunTime:0.020837s ]
INFO: [ view_filter ] --START--
INFO: Run Behavior\WriteHtmlCacheBehavior [ RunTime:0.000605s ]
INFO: [ view_filter ] --END-- [ RunTime:0.000698s ]
INFO: [ app_end ] --START--
INFO: Run Behavior\ShowPageTraceBehavior [ RunTime:0.001234s ]
INFO: [ app_end ] --END-- [ RunTime:0.001349s ]

[ 2019-09-07T23:40:59+08:00 ] 192.168.254.101 /favicon.ico
INFO: [ app_init ] --START--
INFO: Run Behavior\BuildLiteBehavior [ RunTime:0.000028s ]
INFO: [ app_init ] --END-- [ RunTime:0.000141s ]

[ 2019-09-07T23:41:01+08:00 ] 192.168.254.101 /User/erweima.html
INFO: [ app_init ] --START--
INFO: Run Behavior\BuildLiteBehavior [ RunTime:0.000027s ]
INFO: [ app_init ] --END-- [ RunTime:0.000145s ]
INFO: [ app_begin ] --START--
INFO: Run Behavior\ReadHtmlCacheBehavior [ RunTime:0.001176s ]
INFO: Run Common\Behavior\CheckLangBehavior [ RunTime:0.002683s ]
INFO: [ app_begin ] --END-- [ RunTime:0.004089s ]
SQL: SHOW COLUMNS FROM `ysk_config` [ RunTime:0.0021s ]
SQL: SELECT `value`,`tip` FROM `ysk_config` WHERE `name` = 'TOGGLE_WEB_SITE' LIMIT 1   [ RunTime:0.0008s ]
SQL: SHOW COLUMNS FROM `ysk_user` [ RunTime:0.0030s ]
SQL: SHOW COLUMNS FROM `ysk_user` [ RunTime:0.0037s ]
SQL: SELECT `status`,`session_id` FROM `ysk_user` WHERE `userid` = 1 LIMIT 1   [ RunTime:0.0009s ]
INFO: [ view_parse ] --START--
INFO: [ template_filter ] --START--
INFO: Run Behavior\ContentReplaceBehavior [ RunTime:0.000130s ]
INFO: [ template_filter ] --END-- [ RunTime:0.000283s ]
INFO: Run Behavior\ParseTemplateBehavior [ RunTime:0.013277s ]
INFO: [ view_parse ] --END-- [ RunTime:0.013416s ]
INFO: [ view_filter ] --START--
INFO: Run Behavior\WriteHtmlCacheBehavior [ RunTime:0.000692s ]
INFO: [ view_filter ] --END-- [ RunTime:0.000787s ]
INFO: [ app_end ] --START--
INFO: Run Behavior\ShowPageTraceBehavior [ RunTime:0.001292s ]
INFO: [ app_end ] --END-- [ RunTime:0.001411s ]

[ 2019-09-07T23:41:02+08:00 ] 192.168.254.101 /favicon.ico
INFO: [ app_init ] --START--
INFO: Run Behavior\BuildLiteBehavior [ RunTime:0.000027s ]
INFO: [ app_init ] --END-- [ RunTime:0.000142s ]

[ 2019-09-07T23:41:05+08:00 ] 192.168.254.101 /User/erweima.html
INFO: [ app_init ] --START--
INFO: Run Behavior\BuildLiteBehavior [ RunTime:0.000028s ]
INFO: [ app_init ] --END-- [ RunTime:0.000142s ]
INFO: [ app_begin ] --START--
INFO: Run Behavior\ReadHtmlCacheBehavior [ RunTime:0.001247s ]
INFO: Run Common\Behavior\CheckLangBehavior [ RunTime:0.002649s ]
INFO: [ app_begin ] --END-- [ RunTime:0.004187s ]
SQL: SHOW COLUMNS FROM `ysk_config` [ RunTime:0.0063s ]
SQL: SELECT `value`,`tip` FROM `ysk_config` WHERE `name` = 'TOGGLE_WEB_SITE' LIMIT 1   [ RunTime:0.0013s ]
SQL: SHOW COLUMNS FROM `ysk_user` [ RunTime:0.0036s ]
SQL: SHOW COLUMNS FROM `ysk_user` [ RunTime:0.0043s ]
SQL: SELECT `status`,`session_id` FROM `ysk_user` WHERE `userid` = 1 LIMIT 1   [ RunTime:0.0014s ]
INFO: [ view_parse ] --START--
INFO: [ template_filter ] --START--
INFO: Run Behavior\ContentReplaceBehavior [ RunTime:0.000180s ]
INFO: [ template_filter ] --END-- [ RunTime:0.000357s ]
INFO: Run Behavior\ParseTemplateBehavior [ RunTime:0.017434s ]
INFO: [ view_parse ] --END-- [ RunTime:0.017598s ]
INFO: [ view_filter ] --START--
INFO: Run Behavior\WriteHtmlCacheBehavior [ RunTime:0.000612s ]
INFO: [ view_filter ] --END-- [ RunTime:0.000695s ]
INFO: [ app_end ] --START--
INFO: Run Behavior\ShowPageTraceBehavior [ RunTime:0.001214s ]
INFO: [ app_end ] --END-- [ RunTime:0.001326s ]

[ 2019-09-07T23:41:06+08:00 ] 192.168.254.101 /favicon.ico
INFO: [ app_init ] --START--
INFO: Run Behavior\BuildLiteBehavior [ RunTime:0.000027s ]
INFO: [ app_init ] --END-- [ RunTime:0.000138s ]

[ 2019-09-07T23:41:08+08:00 ] 192.168.254.101 /User/adderweima.html
INFO: [ app_init ] --START--
INFO: Run Behavior\BuildLiteBehavior [ RunTime:0.000028s ]
INFO: [ app_init ] --END-- [ RunTime:0.000143s ]
INFO: [ app_begin ] --START--
INFO: Run Behavior\ReadHtmlCacheBehavior [ RunTime:0.001265s ]
INFO: Run Common\Behavior\CheckLangBehavior [ RunTime:0.002811s ]
INFO: [ app_begin ] --END-- [ RunTime:0.004319s ]
SQL: SHOW COLUMNS FROM `ysk_config` [ RunTime:0.0023s ]
SQL: SELECT `value`,`tip` FROM `ysk_config` WHERE `name` = 'TOGGLE_WEB_SITE' LIMIT 1   [ RunTime:0.0007s ]
SQL: SHOW COLUMNS FROM `ysk_user` [ RunTime:0.0044s ]
SQL: SHOW COLUMNS FROM `ysk_user` [ RunTime:0.0026s ]
SQL: SELECT `status`,`session_id` FROM `ysk_user` WHERE `userid` = 1 LIMIT 1   [ RunTime:0.0009s ]
INFO: [ view_parse ] --START--
INFO: [ template_filter ] --START--
INFO: Run Behavior\ContentReplaceBehavior [ RunTime:0.000231s ]
INFO: [ template_filter ] --END-- [ RunTime:0.000348s ]
INFO: Run Behavior\ParseTemplateBehavior [ RunTime:0.018374s ]
INFO: [ view_parse ] --END-- [ RunTime:0.018542s ]
INFO: [ view_filter ] --START--
INFO: Run Behavior\WriteHtmlCacheBehavior [ RunTime:0.000603s ]
INFO: [ view_filter ] --END-- [ RunTime:0.000728s ]
INFO: [ app_end ] --START--
INFO: Run Behavior\ShowPageTraceBehavior [ RunTime:0.001227s ]
INFO: [ app_end ] --END-- [ RunTime:0.001336s ]

[ 2019-09-07T23:41:08+08:00 ] 192.168.254.101 /favicon.ico
INFO: [ app_init ] --START--
INFO: Run Behavior\BuildLiteBehavior [ RunTime:0.000027s ]
INFO: [ app_init ] --END-- [ RunTime:0.000133s ]

