[ 2019-09-03T22:12:07+08:00 ] 192.168.254.104 /Admin/Index/removeRuntime.html
INFO: [ app_init ] --START--
INFO: Run Behavior\BuildLiteBehavior [ RunTime:0.000028s ]
INFO: [ app_init ] --END-- [ RunTime:0.000134s ]
INFO: [ app_begin ] --START--
INFO: Run Behavior\ReadHtmlCacheBehavior [ RunTime:0.001150s ]
INFO: Run Common\Behavior\CheckLangBehavior [ RunTime:0.002981s ]
INFO: [ app_begin ] --END-- [ RunTime:0.004355s ]
NOTIC: [8] Use of undefined constant MODEL_INSERT - assumed 'MODEL_INSERT' /home/wwwroot/www.paofen.com/ThinkPHP/Common/functions.php 第 588 行.
SQL: SHOW COLUMNS FROM `ysk_admin` [ RunTime:0.0021s ]
SQL: SHOW COLUMNS FROM `ysk_group` [ RunTime:0.0022s ]
SQL: SHOW COLUMNS FROM `ysk_menu` [ RunTime:0.0022s ]
SQL: SHOW COLUMNS FROM `ysk_admin` [ RunTime:0.0027s ]
SQL: SELECT `auth_id` FROM `ysk_admin` WHERE `id` = 1 LIMIT 1   [ RunTime:0.0007s ]
SQL: SELECT `pid`,`gid`,`name` FROM `ysk_menu` WHERE `col` = 'Index' AND `status` = 1 AND `level` = 2 LIMIT 1   [ RunTime:0.0009s ]
SQL: SELECT `name` FROM `ysk_menu` WHERE `id` = null LIMIT 1   [ RunTime:0.0006s ]
SQL: SELECT `name` FROM `ysk_menu` WHERE `id` = null LIMIT 1   [ RunTime:0.0006s ]
NOTIC: [8] Undefined index: gid /home/wwwroot/www.paofen.com/APP/Admin/Controller/AdminController.class.php 第 56 行.
SQL: SELECT `auth_id` FROM `ysk_admin` WHERE `id` = 1 LIMIT 1   [ RunTime:0.0008s ]
SQL: SELECT * FROM `ysk_menu` WHERE `status` = 1 AND `level` = 1 AND `gid` = 1 ORDER BY sort asc, id asc  [ RunTime:0.0014s ]
SQL: SELECT * FROM `ysk_menu` WHERE `status` = 1 AND `level` = 2 AND `gid` = 1 ORDER BY sort asc, id asc  [ RunTime:0.0014s ]
SQL: SELECT `auth_id` FROM `ysk_admin` WHERE `id` = 1 LIMIT 1   [ RunTime:0.0009s ]
SQL: SELECT * FROM `ysk_menu` WHERE `status` = 1 AND `level` = 0 ORDER BY sort asc, id asc  [ RunTime:0.0011s ]
SQL: SELECT `col`,`act` FROM `ysk_menu` WHERE `level` = 2 AND `gid` = 1 ORDER BY sort asc, id asc LIMIT 1   [ RunTime:0.0013s ]
SQL: SELECT COUNT(1) AS tp_count FROM `ysk_menu` WHERE `col` = 'Index' AND `act` = 'removeRuntime' LIMIT 1   [ RunTime:0.0011s ]

[ 2019-09-03T22:12:15+08:00 ] 192.168.254.104 /Admin/User/bankcard.html
INFO: [ app_init ] --START--
INFO: Run Behavior\BuildLiteBehavior [ RunTime:0.000031s ]
INFO: [ app_init ] --END-- [ RunTime:0.000161s ]
INFO: [ app_begin ] --START--
INFO: Run Behavior\ReadHtmlCacheBehavior [ RunTime:0.001141s ]
INFO: Run Common\Behavior\CheckLangBehavior [ RunTime:0.003048s ]
INFO: [ app_begin ] --END-- [ RunTime:0.004407s ]
NOTIC: [2048] Declaration of Admin\Controller\UserController::setStatus() should be compatible with Admin\Controller\AdminController::setStatus($model = Admin\Controller\CONTROLLER_NAME, $script = false) /home/wwwroot/www.paofen.com/APP/Admin/Controller/UserController.class.php 第 11 行.
NOTIC: [8] Use of undefined constant MODEL_INSERT - assumed 'MODEL_INSERT' /home/wwwroot/www.paofen.com/ThinkPHP/Common/functions.php 第 588 行.
SQL: SHOW COLUMNS FROM `ysk_admin` [ RunTime:0.0024s ]

[ 2019-09-03T22:12:15+08:00 ] 192.168.254.104 /Admin/Pubss/login.html
INFO: [ app_init ] --START--
INFO: Run Behavior\BuildLiteBehavior [ RunTime:0.000030s ]
INFO: [ app_init ] --END-- [ RunTime:0.000149s ]
INFO: [ app_begin ] --START--
INFO: Run Behavior\ReadHtmlCacheBehavior [ RunTime:0.001193s ]
INFO: Run Common\Behavior\CheckLangBehavior [ RunTime:0.003019s ]
INFO: [ app_begin ] --END-- [ RunTime:0.004428s ]
INFO: [ view_parse ] --START--
INFO: [ template_filter ] --START--
INFO: Run Behavior\ContentReplaceBehavior [ RunTime:0.000173s ]
INFO: [ template_filter ] --END-- [ RunTime:0.000291s ]
INFO: Run Behavior\ParseTemplateBehavior [ RunTime:0.016896s ]
INFO: [ view_parse ] --END-- [ RunTime:0.017030s ]
INFO: [ view_filter ] --START--
INFO: Run Behavior\WriteHtmlCacheBehavior [ RunTime:0.000668s ]
INFO: [ view_filter ] --END-- [ RunTime:0.000752s ]
INFO: [ app_end ] --START--
INFO: Run Behavior\ShowPageTraceBehavior [ RunTime:0.001324s ]
INFO: [ app_end ] --END-- [ RunTime:0.001509s ]

[ 2019-09-03T22:12:20+08:00 ] 192.168.254.104 /Admin/User/index.html
INFO: [ app_init ] --START--
INFO: Run Behavior\BuildLiteBehavior [ RunTime:0.000039s ]
INFO: [ app_init ] --END-- [ RunTime:0.000264s ]
INFO: [ app_begin ] --START--
INFO: Run Behavior\ReadHtmlCacheBehavior [ RunTime:0.001076s ]
INFO: Run Common\Behavior\CheckLangBehavior [ RunTime:0.003192s ]
INFO: [ app_begin ] --END-- [ RunTime:0.004539s ]
NOTIC: [2048] Declaration of Admin\Controller\UserController::setStatus() should be compatible with Admin\Controller\AdminController::setStatus($model = Admin\Controller\CONTROLLER_NAME, $script = false) /home/wwwroot/www.paofen.com/APP/Admin/Controller/UserController.class.php 第 11 行.
NOTIC: [8] Use of undefined constant MODEL_INSERT - assumed 'MODEL_INSERT' /home/wwwroot/www.paofen.com/ThinkPHP/Common/functions.php 第 588 行.
SQL: SHOW COLUMNS FROM `ysk_admin` [ RunTime:0.0023s ]

[ 2019-09-03T22:12:20+08:00 ] 192.168.254.104 /Admin/Pubss/login.html
INFO: [ app_init ] --START--
INFO: Run Behavior\BuildLiteBehavior [ RunTime:0.000031s ]
INFO: [ app_init ] --END-- [ RunTime:0.000159s ]
INFO: [ app_begin ] --START--
INFO: Run Behavior\ReadHtmlCacheBehavior [ RunTime:0.001104s ]
INFO: Run Common\Behavior\CheckLangBehavior [ RunTime:0.003559s ]
INFO: [ app_begin ] --END-- [ RunTime:0.004878s ]
INFO: [ view_parse ] --START--
INFO: [ template_filter ] --START--
INFO: Run Behavior\ContentReplaceBehavior [ RunTime:0.000175s ]
INFO: [ template_filter ] --END-- [ RunTime:0.000297s ]
INFO: Run Behavior\ParseTemplateBehavior [ RunTime:0.016354s ]
INFO: [ view_parse ] --END-- [ RunTime:0.016491s ]
INFO: [ view_filter ] --START--
INFO: Run Behavior\WriteHtmlCacheBehavior [ RunTime:0.000714s ]
INFO: [ view_filter ] --END-- [ RunTime:0.000827s ]
INFO: [ app_end ] --START--
INFO: Run Behavior\ShowPageTraceBehavior [ RunTime:0.001432s ]
INFO: [ app_end ] --END-- [ RunTime:0.001574s ]

[ 2019-09-03T23:26:29+08:00 ] 192.168.254.104 /admin
INFO: [ app_init ] --START--
INFO: Run Behavior\BuildLiteBehavior [ RunTime:0.000036s ]
INFO: [ app_init ] --END-- [ RunTime:0.000167s ]
INFO: [ app_begin ] --START--
INFO: Run Behavior\ReadHtmlCacheBehavior [ RunTime:0.001570s ]
INFO: Run Common\Behavior\CheckLangBehavior [ RunTime:0.003583s ]
INFO: [ app_begin ] --END-- [ RunTime:0.005472s ]
NOTIC: [8] Use of undefined constant MODEL_INSERT - assumed 'MODEL_INSERT' /home/wwwroot/www.paofen.com/ThinkPHP/Common/functions.php 第 588 行.
SQL: SHOW COLUMNS FROM `ysk_admin` [ RunTime:0.0026s ]

[ 2019-09-03T23:26:29+08:00 ] 192.168.254.104 /Admin/Pubss/login.html
INFO: [ app_init ] --START--
INFO: Run Behavior\BuildLiteBehavior [ RunTime:0.000035s ]
INFO: [ app_init ] --END-- [ RunTime:0.000179s ]
INFO: [ app_begin ] --START--
INFO: Run Behavior\ReadHtmlCacheBehavior [ RunTime:0.001177s ]
INFO: Run Common\Behavior\CheckLangBehavior [ RunTime:0.003062s ]
INFO: [ app_begin ] --END-- [ RunTime:0.004453s ]
INFO: [ view_parse ] --START--
INFO: [ template_filter ] --START--
INFO: Run Behavior\ContentReplaceBehavior [ RunTime:0.000170s ]
INFO: [ template_filter ] --END-- [ RunTime:0.000283s ]
INFO: Run Behavior\ParseTemplateBehavior [ RunTime:0.016076s ]
INFO: [ view_parse ] --END-- [ RunTime:0.016199s ]
INFO: [ view_filter ] --START--
INFO: Run Behavior\WriteHtmlCacheBehavior [ RunTime:0.000596s ]
INFO: [ view_filter ] --END-- [ RunTime:0.000677s ]
INFO: [ app_end ] --START--
INFO: Run Behavior\ShowPageTraceBehavior [ RunTime:0.001129s ]
INFO: [ app_end ] --END-- [ RunTime:0.001227s ]

